<?xml version="1.0" encoding="UTF-8"?>
<testsuite xmlns:xsi="http://www.w3.org/2001/XMLSchema-instance" xsi:noNamespaceSchemaLocation="https://maven.apache.org/surefire/maven-surefire-plugin/xsd/surefire-test-report-3.0.xsd" version="3.0" name="com.example.restservice.RestserviceApplicationTests" time="4.501" tests="1" errors="0" skipped="0" failures="0">
  <properties>
[...]
</properties>
  <testcase name="contextLoads" classname="com.example.restservice.RestserviceApplicationTests" time="1.212">
    <system-out><![CDATA[23:33:45.352 [main] INFO org.springframework.test.context.support.AnnotationConfigContextLoaderUtils -- Could not detect default configuration classes for test class [com.example.restservice.RestserviceApplicationTests]: RestserviceApplicationTests does not declare any static, non-private, non-final, nested classes annotated with @Configuration.
23:33:45.595 [main] INFO org.springframework.boot.test.context.SpringBootTestContextBootstrapper -- Found @SpringBootConfiguration com.example.restservice.RestserviceApplication for test class com.example.restservice.RestserviceApplicationTests

  .   ____          _            __ _ _
 /\\ / ___'_ __ _ _(_)_ __  __ _ \ \ \ \
( ( )\___ | '_ | '_| | '_ \/ _` | \ \ \ \
 \\/  ___)| |_)| | | | | || (_| |  ) ) ) )
  '  |____| .__|_| |_|_| |_\__, | / / / /
 =========|_|==============|___/=/_/_/_/
 :: Spring Boot ::                (v3.1.1)

2023-06-22T23:33:46.294-05:00  INFO 25500 --- [           main] c.e.r.RestserviceApplicationTests        : Starting RestserviceApplicationTests using Java 17.0.7 with PID 25500 (started by Administrador in D:\IDAT\V CICLO\DSW1\SEMANA 5\render-rest-saludo-J19)
2023-06-22T23:33:46.297-05:00  INFO 25500 --- [           main] c.e.r.RestserviceApplicationTests        : No active profile set, falling back to 1 default profile: "default"
2023-06-22T23:33:48.310-05:00  INFO 25500 --- [           main] c.e.r.RestserviceApplicationTests        : Started RestserviceApplicationTests in 2.433 seconds (process running for 4.01)
]]></system-out>
  </testcase>
</testsuite>